# JRE version: OpenJDK Runtime Environment Microsoft-8035246 (17.0.8+7) (build 17.0.8+7-LTS)
# Java VM: OpenJDK 64-Bit Server VM Microsoft-8035246 (17.0.8+7-LTS, mixed mode, sharing, tiered, compressed oops, compressed class ptrs, g1 gc, windows-amd64)
GC Precious Log:
 CPUs: 4 total, 4 available
 Memory: 8110M
 Large Page Support: Disabled
 NUMA Support: Disabled
 Compressed Oops: Enabled (32-bit)
 Heap Region Size: 1M
 Heap Min Capacity: 8M
 Heap Initial Capacity: 128M
 Heap Max Capacity: 2G
 Pre-touch: Disabled
 Parallel Workers: 4
 Concurrent Workers: 1
 Concurrent Refinement Workers: 4
 Periodic GC: Disabled
Heap:
 garbage-first heap   total 313344K, used 197008K [0x0000000080000000, 0x0000000100000000)
  region size 1024K, 14 young (14336K), 6 survivors (6144K)
 Metaspace       used 102857K, committed 104000K, reserved 557056K
  class space    used 14382K, committed 14912K, reserved 425984K
GC Heap History (20 events):
Event: 34.553 GC heap before
{Heap before GC invocations=47 (full 0):
 garbage-first heap   total 156672K, used 121807K [0x0000000080000000, 0x0000000100000000)
  region size 1024K, 37 young (37888K), 3 survivors (3072K)
 Metaspace       used 77541K, committed 78272K, reserved 557056K
  class space    used 10805K, committed 11136K, reserved 425984K
}
Event: 34.557 GC heap after
{Heap after GC invocations=48 (full 0):
 garbage-first heap   total 156672K, used 90176K [0x0000000080000000, 0x0000000100000000)
  region size 1024K, 5 young (5120K), 5 survivors (5120K)
 Metaspace       used 77541K, committed 78272K, reserved 557056K
  class space    used 10805K, committed 11136K, reserved 425984K
}
Event: 34.580 GC heap before
{Heap before GC invocations=48 (full 0):
 garbage-first heap   total 156672K, used 92224K [0x0000000080000000, 0x0000000100000000)
  region size 1024K, 7 young (7168K), 5 survivors (5120K)
 Metaspace       used 77730K, committed 78400K, reserved 557056K
  class space    used 10830K, committed 11136K, reserved 425984K
}
Event: 34.584 GC heap after
{Heap after GC invocations=49 (full 0):
 garbage-first heap   total 156672K, used 90569K [0x0000000080000000, 0x0000000100000000)
  region size 1024K, 1 young (1024K), 1 survivors (1024K)
 Metaspace       used 77730K, committed 78400K, reserved 557056K
  class space    used 10830K, committed 11136K, reserved 425984K
}
Event: 35.016 GC heap before
{Heap before GC invocations=49 (full 0):
 garbage-first heap   total 156672K, used 125385K [0x0000000080000000, 0x0000000100000000)
  region size 1024K, 34 young (34816K), 1 survivors (1024K)
 Metaspace       used 79911K, committed 80640K, reserved 557056K
  class space    used 11130K, committed 11456K, reserved 425984K
}
Event: 35.019 GC heap after
{Heap after GC invocations=50 (full 0):
 garbage-first heap   total 313344K, used 92001K [0x0000000080000000, 0x0000000100000000)
  region size 1024K, 3 young (3072K), 3 survivors (3072K)
 Metaspace       used 79911K, committed 80640K, reserved 557056K
  class space    used 11130K, committed 11456K, reserved 425984K
}
Event: 36.981 GC heap before
{Heap before GC invocations=51 (full 0):
 garbage-first heap   total 313344K, used 222049K [0x0000000080000000, 0x0000000100000000)
  region size 1024K, 131 young (134144K), 3 survivors (3072K)
 Metaspace       used 86647K, committed 87424K, reserved 557056K
  class space    used 12183K, committed 12544K, reserved 425984K
}
Event: 36.992 GC heap after
{Heap after GC invocations=52 (full 0):
 garbage-first heap   total 313344K, used 98809K [0x0000000080000000, 0x0000000100000000)
  region size 1024K, 9 young (9216K), 9 survivors (9216K)
 Metaspace       used 86647K, committed 87424K, reserved 557056K
  class space    used 12183K, committed 12544K, reserved 425984K
}
Event: 40.812 GC heap before
{Heap before GC invocations=52 (full 0):
 garbage-first heap   total 313344K, used 250361K [0x0000000080000000, 0x0000000100000000)
  region size 1024K, 151 young (154624K), 9 survivors (9216K)
 Metaspace       used 92311K, committed 93184K, reserved 557056K
  class space    used 13028K, committed 13440K, reserved 425984K
}
Event: 40.833 GC heap after
{Heap after GC invocations=53 (full 0):
 garbage-first heap   total 313344K, used 127396K [0x0000000080000000, 0x0000000100000000)
  region size 1024K, 19 young (19456K), 19 survivors (19456K)
 Metaspace       used 92311K, committed 93184K, reserved 557056K
  class space    used 13028K, committed 13440K, reserved 425984K
}
Event: 42.087 GC heap before
{Heap before GC invocations=53 (full 0):
 garbage-first heap   total 313344K, used 243108K [0x0000000080000000, 0x0000000100000000)
  region size 1024K, 132 young (135168K), 19 survivors (19456K)
 Metaspace       used 95065K, committed 96000K, reserved 557056K
  class space    used 13408K, committed 13824K, reserved 425984K
}
Event: 42.109 GC heap after
{Heap after GC invocations=54 (full 0):
 garbage-first heap   total 313344K, used 143229K [0x0000000080000000, 0x0000000100000000)
  region size 1024K, 15 young (15360K), 15 survivors (15360K)
 Metaspace       used 95065K, committed 96000K, reserved 557056K
  class space    used 13408K, committed 13824K, reserved 425984K
}
Event: 43.871 GC heap before
{Heap before GC invocations=54 (full 0):
 garbage-first heap   total 313344K, used 248701K [0x0000000080000000, 0x0000000100000000)
  region size 1024K, 115 young (117760K), 15 survivors (15360K)
 Metaspace       used 95954K, committed 96960K, reserved 557056K
  class space    used 13508K, committed 13952K, reserved 425984K
}
Event: 43.894 GC heap after
{Heap after GC invocations=55 (full 0):
 garbage-first heap   total 313344K, used 166400K [0x0000000080000000, 0x0000000100000000)
  region size 1024K, 15 young (15360K), 15 survivors (15360K)
 Metaspace       used 95954K, committed 96960K, reserved 557056K
  class space    used 13508K, committed 13952K, reserved 425984K
}
Event: 45.589 GC heap before
{Heap before GC invocations=55 (full 0):
 garbage-first heap   total 313344K, used 244224K [0x0000000080000000, 0x0000000100000000)
  region size 1024K, 91 young (93184K), 15 survivors (15360K)
 Metaspace       used 101134K, committed 102272K, reserved 557056K
  class space    used 14206K, committed 14720K, reserved 425984K
}
Event: 45.606 GC heap after
{Heap after GC invocations=56 (full 0):
 garbage-first heap   total 313344K, used 176128K [0x0000000080000000, 0x0000000100000000)
  region size 1024K, 9 young (9216K), 9 survivors (9216K)
 Metaspace       used 101134K, committed 102272K, reserved 557056K
  class space    used 14206K, committed 14720K, reserved 425984K
}
Event: 46.609 GC heap before
{Heap before GC invocations=56 (full 0):
 garbage-first heap   total 313344K, used 248832K [0x0000000080000000, 0x0000000100000000)
  region size 1024K, 80 young (81920K), 9 survivors (9216K)
 Metaspace       used 102137K, committed 103296K, reserved 557056K
  class space    used 14313K, committed 14848K, reserved 425984K
}
Event: 46.629 GC heap after
{Heap after GC invocations=57 (full 0):
 garbage-first heap   total 313344K, used 184768K [0x0000000080000000, 0x0000000100000000)
  region size 1024K, 9 young (9216K), 9 survivors (9216K)
 Metaspace       used 102137K, committed 103296K, reserved 557056K
  class space    used 14313K, committed 14848K, reserved 425984K
}
Event: 47.940 GC heap before
{Heap before GC invocations=57 (full 0):
 garbage-first heap   total 313344K, used 252352K [0x0000000080000000, 0x0000000100000000)
  region size 1024K, 76 young (77824K), 9 survivors (9216K)
 Metaspace       used 102857K, committed 104000K, reserved 557056K
  class space    used 14382K, committed 14912K, reserved 425984K
}
Event: 47.953 GC heap after
{Heap after GC invocations=58 (full 0):
 garbage-first heap   total 313344K, used 189840K [0x0000000080000000, 0x0000000100000000)
  region size 1024K, 6 young (6144K), 6 survivors (6144K)
 Metaspace       used 102857K, committed 104000K, reserved 557056K
  class space    used 14382K, committed 14912K, reserved 425984K
}

